<?xml version="1.0" encoding="UTF-8"?>
<!-- Generated by org.testng.reporters.JUnitXMLReporter -->
<testsuite ignored="0" hostname="Krishnadass-MacBook-Pro.local" failures="2" tests="2" name="ChromeTest" time="0.042" errors="0" timestamp="23 Oct 2018 00:54:05 GMT">
  <testcase classname="com.RBCProject.test.TC001_AmznKndlOrderTest" name="TC001base" time="0.013">
    <failure type="java.lang.NullPointerException">
      <![CDATA[java.lang.NullPointerException
at commonFunctions.ExtentTestManager.initTestReports(ExtentTestManager.java:27)
at com.RBCProject.test.TC001_AmznKndlOrderTest.TC001base(TC001_AmznKndlOrderTest.java:15)
at java.base/java.util.concurrent.FutureTask.run(FutureTask.java:264)
at java.base/java.util.concurrent.ThreadPoolExecutor.runWorker(ThreadPoolExecutor.java:1167)
at java.base/java.util.concurrent.ThreadPoolExecutor$Worker.run(ThreadPoolExecutor.java:641)
at java.base/java.lang.Thread.run(Thread.java:844)
... Removed 16 stack frames]]>
    </failure>
  </testcase> <!-- TC001base -->
  <testcase classname="com.RBCProject.test.TC001_AmznKndlOrderTest" name="TC001base" time="0.031">
    <failure type="java.lang.NullPointerException">
      <![CDATA[java.lang.NullPointerException
at commonFunctions.ListenerClass.onTestFailure(ListenerClass.java:33)
at java.base/java.util.concurrent.FutureTask.run(FutureTask.java:264)
at java.base/java.util.concurrent.ThreadPoolExecutor.runWorker(ThreadPoolExecutor.java:1167)
at java.base/java.util.concurrent.ThreadPoolExecutor$Worker.run(ThreadPoolExecutor.java:641)
at java.base/java.lang.Thread.run(Thread.java:844)
... Removed 13 stack frames]]>
    </failure>
  </testcase> <!-- TC001base -->
</testsuite> <!-- ChromeTest -->
