<?xml version="1.0" encoding="UTF-8"?>
<testng-results ignored="0" total="2" passed="2" failed="0" skipped="0">
  <reporter-output>
  </reporter-output>
  <suite started-at="2018-10-30T04:15:21Z" name="Suite" finished-at="2018-10-30T04:15:56Z" duration-ms="35104">
    <groups>
    </groups>
    <test started-at="2018-10-30T04:15:21Z" name="FirefoxTest" finished-at="2018-10-30T04:15:52Z" duration-ms="31504">
      <class name="testcases.GuestPurchaseOrderTest">
        <test-method is-config="true" signature="setUp(java.lang.String)[pri:0, instance:testcases.GuestPurchaseOrderTest@78ffe6dc]" started-at="2018-10-30T04:15:21Z" name="setUp" finished-at="2018-10-30T04:15:30Z" duration-ms="8870" status="PASS">
          <params>
            <param index="0">
              <value>
                <![CDATA[firefox]]>
              </value>
            </param>
          </params>
          <reporter-output>
          </reporter-output>
        </test-method> <!-- setUp -->
        <test-method signature="signInPageVerification(java.lang.String)[pri:0, instance:testcases.GuestPurchaseOrderTest@78ffe6dc]" started-at="2018-10-30T04:15:30Z" name="signInPageVerification" finished-at="2018-10-30T04:15:51Z" duration-ms="21326" status="PASS">
          <params>
            <param index="0">
              <value>
                <![CDATA[firefox]]>
              </value>
            </param>
          </params>
          <reporter-output>
          </reporter-output>
        </test-method> <!-- signInPageVerification -->
        <test-method is-config="true" signature="teardown(java.lang.String)[pri:0, instance:testcases.GuestPurchaseOrderTest@78ffe6dc]" started-at="2018-10-30T04:15:51Z" name="teardown" finished-at="2018-10-30T04:15:52Z" duration-ms="884" status="PASS">
          <params>
            <param index="0">
              <value>
                <![CDATA[firefox]]>
              </value>
            </param>
          </params>
          <reporter-output>
          </reporter-output>
        </test-method> <!-- teardown -->
      </class> <!-- testcases.GuestPurchaseOrderTest -->
    </test> <!-- FirefoxTest -->
    <test started-at="2018-10-30T04:15:21Z" name="ChromeTest" finished-at="2018-10-30T04:15:56Z" duration-ms="35104">
      <class name="testcases.GuestPurchaseOrderTest">
        <test-method is-config="true" signature="setUp(java.lang.String)[pri:0, instance:testcases.GuestPurchaseOrderTest@7c83dc97]" started-at="2018-10-30T04:15:21Z" name="setUp" finished-at="2018-10-30T04:15:40Z" duration-ms="19233" status="PASS">
          <params>
            <param index="0">
              <value>
                <![CDATA[chrome]]>
              </value>
            </param>
          </params>
          <reporter-output>
          </reporter-output>
        </test-method> <!-- setUp -->
        <test-method signature="signInPageVerification(java.lang.String)[pri:0, instance:testcases.GuestPurchaseOrderTest@7c83dc97]" started-at="2018-10-30T04:15:40Z" name="signInPageVerification" finished-at="2018-10-30T04:15:55Z" duration-ms="15115" status="PASS">
          <params>
            <param index="0">
              <value>
                <![CDATA[chrome]]>
              </value>
            </param>
          </params>
          <reporter-output>
          </reporter-output>
        </test-method> <!-- signInPageVerification -->
        <test-method is-config="true" signature="teardown(java.lang.String)[pri:0, instance:testcases.GuestPurchaseOrderTest@7c83dc97]" started-at="2018-10-30T04:15:56Z" name="teardown" finished-at="2018-10-30T04:15:56Z" duration-ms="151" status="PASS">
          <params>
            <param index="0">
              <value>
                <![CDATA[chrome]]>
              </value>
            </param>
          </params>
          <reporter-output>
          </reporter-output>
        </test-method> <!-- teardown -->
      </class> <!-- testcases.GuestPurchaseOrderTest -->
    </test> <!-- ChromeTest -->
  </suite> <!-- Suite -->
</testng-results>
