<?xml version="1.0" encoding="UTF-8"?>
<testng-results ignored="0" total="1" passed="1" failed="0" skipped="0">
  <reporter-output>
  </reporter-output>
  <suite started-at="2018-10-23T01:57:58Z" name="Suite" finished-at="2018-10-23T01:58:25Z" duration-ms="27123">
    <groups>
    </groups>
    <test started-at="2018-10-23T01:57:58Z" name="Katha" finished-at="2018-10-23T01:58:25Z" duration-ms="27123">
      <class name="com.RBCProject.test.TC001_AmznKndlOrderTest">
        <test-method signature="baseTC001(java.lang.String, java.lang.String)[pri:0, instance:com.RBCProject.test.TC001_AmznKndlOrderTest@175b9425]" started-at="2018-10-23T01:57:59Z" name="baseTC001" finished-at="2018-10-23T01:58:25Z" duration-ms="26265" status="PASS">
          <params>
            <param index="0">
              <value>
                <![CDATA[https://www.amazon.ca/]]>
              </value>
            </param>
            <param index="1">
              <value>
                <![CDATA[chrome]]>
              </value>
            </param>
          </params>
          <reporter-output>
          </reporter-output>
        </test-method> <!-- baseTC001 -->
      </class> <!-- com.RBCProject.test.TC001_AmznKndlOrderTest -->
    </test> <!-- Katha -->
  </suite> <!-- Suite -->
</testng-results>
